  main.cpp
  arm-none-eabi-g++ -MMD -MP -MF /c/Users/dmccl/Desktop/Mario/build/main.d -gdwarf-2 -Wall -mcpu=arm7tdmi -mtune=arm7tdmi -mthumb -mthumb-interwork -iquote /c/Users/dmccl/Desktop/Mario/include -I/c/devkitPro/libgba/include -I/c/Users/dmccl/Desktop/Mario/build -fno-rtti -fno-exceptions -c /c/Users/dmccl/Desktop/Mario/source/main.cpp -o main.o 
  In file included from c:/Users/dmccl/Desktop/Mario/source/main.cpp:8:0:
  c:/Users/dmccl/Desktop/Mario/include/gba_sound.h:389:0: warning: "REG_FIFO_A" redefined
   #define REG_FIFO_A   *(vu32*)(REG_BASE+0x00A0) //!< DSound A FIFO
   
  c:/Users/dmccl/Desktop/Mario/include/gba_sound.h:125:0: note: this is the location of the previous definition
   #define REG_FIFO_A  (*((u32 volatile *) (REG_BASE + 0x0A0)))
   
  c:/Users/dmccl/Desktop/Mario/include/gba_sound.h:390:0: warning: "REG_FIFO_B" redefined
   #define REG_FIFO_B   *(vu32*)(REG_BASE+0x00A4) //!< DSound B FIFO
   
  c:/Users/dmccl/Desktop/Mario/include/gba_sound.h:126:0: note: this is the location of the previous definition
   #define REG_FIFO_B  (*((u32 volatile *) (REG_BASE + 0x0A4)))
   
  In file included from c:/Users/dmccl/Desktop/Mario/include/gba.h:11:0,
                   from c:/Users/dmccl/Desktop/Mario/source/main.cpp:2:
  c:/Users/dmccl/Desktop/Mario/include/gba_mathUtil.h:12:12: warning: declaration of 's32 abs(s32)' conflicts with built-in declaration 'int abs(int)' [-Wbuiltin-declaration-mismatch]
   extern s32 abs(s32 a_val);
              ^~~
  c:/Users/dmccl/Desktop/Mario/source/main.cpp: In function 'void delay(unsigned int)':
  c:/Users/dmccl/Desktop/Mario/source/main.cpp:45:20: warning: comparison between signed and unsigned integer expressions [-Wsign-compare]
    for (int i = 0; i < amount * 10; i++);
                    ~~^~~~~~~~~~~~~
  c:/Users/dmccl/Desktop/Mario/source/main.cpp: In function 'void sos()':
  c:/Users/dmccl/Desktop/Mario/source/main.cpp:49:11: warning: unused variable 'lens' [-Wunused-variable]
    const u8 lens[6] = { 1,1,4, 1,1,4 };
             ^~~~
  c:/Users/dmccl/Desktop/Mario/source/main.cpp: In function 'int main()':
  c:/Users/dmccl/Desktop/Mario/source/main.cpp:79:6: warning: unused variable 'octave' [-Wunused-variable]
    int octave = 0;
        ^~~~~~
  c:/Users/dmccl/Desktop/Mario/source/main.cpp:100:6: warning: unused variable 'frame' [-Wunused-variable]
    s32 frame = 0;
        ^~~~~
  linking cartridge
  built ... Mario.gba
  ROM fixed!
